Server is listening on http://localhost:3000
amount:123657.56444 currency:rub
 Сто двадцать три тысячи шестьсот пятьдесят семь рублей  пятьдесят шесть копеек 
amount:123657.56444 currency:rub
 Сто двадцать три тысячи шестьсот пятьдесят семь рублей  пятьдесят шесть копеек 
amount:123657.56444 currency:rub
 Сто двадцать три тысячи шестьсот пятьдесят семь рублей  пятьдесят шесть копеек 
amount:123657.56444 currency:rub
 Сто двадцать три тысячи шестьсот пятьдесят семь рублей  пятьдесят шесть копеек 
amount:123657.56444" currency:undefined
Transformation failure: Error FORG0001 at amountTranslate.sef#388
    Supplied value "123657.56444"" is not a valid xs:double
Server is listening on http://localhost:3000
amount:123657.56444" currency:undefined
Transformation failure: Error FORG0001 at amountTranslate.sef#388
    Supplied value "123657.56444"" is not a valid xs:double
Server is listening on http://localhost:3000
amount:123657.56444" currency:undefined
Transformation failure: Error FORG0001 at amountTranslate.sef#388
    Supplied value "123657.56444"" is not a valid xs:double
Server is listening on http://localhost:3000
amount:123657.56444" currency:undefined
Transformation failure: Error FORG0001 at amountTranslate.sef#388
    Supplied value "123657.56444"" is not a valid xs:double
Server is listening on http://localhost:3000
amount:123657.56444" currency:undefined
Transformation failure: Error FORG0001 at amountTranslate.sef#388
    Supplied value "123657.56444"" is not a valid xs:double
Server is listening on http://localhost:3000
amount:123657.56444 currency:rub
 Сто двадцать три тысячи шестьсот пятьдесят семь рублей  пятьдесят шесть копеек 
Server is listening on http://localhost:3000
