
node:internal/process/promises:265
            triggerUncaughtException(err, true /* fromPromise */);
            ^
Error
    at new K (c:\Work\Materials\NodeJS\numtoword\node_modules\saxon-js\SaxonJS2N.js:3887:513)
    at g (c:\Work\Materials\NodeJS\numtoword\node_modules\saxon-js\SaxonJS2N.js:3940:372)
    at f (c:\Work\Materials\NodeJS\numtoword\node_modules\saxon-js\SaxonJS2N.js:3941:199)
    at Object.fromString (c:\Work\Materials\NodeJS\numtoword\node_modules\saxon-js\SaxonJS2N.js:3949:199)
    at Object.K (c:\Work\Materials\NodeJS\numtoword\node_modules\saxon-js\SaxonJS2N.js:3949:478)
    at B (c:\Work\Materials\NodeJS\numtoword\node_modules\saxon-js\SaxonJS2N.js:4087:34)
    at Object.gh (c:\Work\Materials\NodeJS\numtoword\node_modules\saxon-js\SaxonJS2N.js:4087:392)
    at Array.<anonymous> (c:\Work\Materials\NodeJS\numtoword\node_modules\saxon-js\SaxonJS2N.js:4408:446)
    at c:\Work\Materials\NodeJS\numtoword\node_modules\saxon-js\SaxonJS2N.js:4154:501
    at c:\Work\Materials\NodeJS\numtoword\node_modules\saxon-js\SaxonJS2N.js:4136:33
    at Array.forEach (<anonymous>)
    at c:\Work\Materials\NodeJS\numtoword\node_modules\saxon-js\SaxonJS2N.js:4136:6
    at c:\Work\Materials\NodeJS\numtoword\node_modules\saxon-js\SaxonJS2N.js:4164:69
    at c:\Work\Materials\NodeJS\numtoword\node_modules\saxon-js\SaxonJS2N.js:4164:69
    at c:\Work\Materials\NodeJS\numtoword\node_modules\saxon-js\SaxonJS2N.js:4136:33
    at Array.forEach (<anonymous>)
    at c:\Work\Materials\NodeJS\numtoword\node_modules\saxon-js\SaxonJS2N.js:4136:6
    at c:\Work\Materials\NodeJS\numtoword\node_modules\saxon-js\SaxonJS2N.js:4164:69
    at c:\Work\Materials\NodeJS\numtoword\node_modules\saxon-js\SaxonJS2N.js:4136:33
    at Array.forEach (<anonymous>)
    at c:\Work\Materials\NodeJS\numtoword\node_modules\saxon-js\SaxonJS2N.js:4136:6
    at c:\Work\Materials\NodeJS\numtoword\node_modules\saxon-js\SaxonJS2N.js:4136:33
    at Array.forEach (<anonymous>)
    at c:\Work\Materials\NodeJS\numtoword\node_modules\saxon-js\SaxonJS2N.js:4136:6
    at c:\Work\Materials\NodeJS\numtoword\node_modules\saxon-js\SaxonJS2N.js:4154:324
    at Object.push (c:\Work\Materials\NodeJS\numtoword\node_modules\saxon-js\SaxonJS2N.js:4167:370)
    at e.uf (c:\Work\Materials\NodeJS\numtoword\node_modules\saxon-js\SaxonJS2N.js:4745:502)
    at c:\Work\Materials\NodeJS\numtoword\node_modules\saxon-js\SaxonJS2N.js:4743:284
    at wc.ba.forEachItem (c:\Work\Materials\NodeJS\numtoword\node_modules\saxon-js\SaxonJS2N.js:3985:583)
    at e.Ib (c:\Work\Materials\NodeJS\numtoword\node_modules\saxon-js\SaxonJS2N.js:4743:251)
    at e (c:\Work\Materials\NodeJS\numtoword\node_modules\saxon-js\SaxonJS2N.js:4758:179)
    at c:\Work\Materials\NodeJS\numtoword\node_modules\saxon-js\SaxonJS2N.js:4784:306
    at processTicksAndRejections (node:internal/process/task_queues:96:5) {
  message: 'Supplied value "34-657.56" is not a valid xs:double',
  name: 'XError',
  code: 'FORG0001',
  xsltLineNr: '376',
  xsltModule: 'amountTranslate.sef'
}

node:internal/process/promises:265
            triggerUncaughtException(err, true /* fromPromise */);
            ^
Error
    at new K (c:\Work\Materials\NodeJS\numtoword\node_modules\saxon-js\SaxonJS2N.js:3887:513)
    at g (c:\Work\Materials\NodeJS\numtoword\node_modules\saxon-js\SaxonJS2N.js:3940:372)
    at f (c:\Work\Materials\NodeJS\numtoword\node_modules\saxon-js\SaxonJS2N.js:3941:199)
    at Object.fromString (c:\Work\Materials\NodeJS\numtoword\node_modules\saxon-js\SaxonJS2N.js:3949:199)
    at Object.K (c:\Work\Materials\NodeJS\numtoword\node_modules\saxon-js\SaxonJS2N.js:3949:478)
    at B (c:\Work\Materials\NodeJS\numtoword\node_modules\saxon-js\SaxonJS2N.js:4087:34)
    at Object.gh (c:\Work\Materials\NodeJS\numtoword\node_modules\saxon-js\SaxonJS2N.js:4087:392)
    at Array.<anonymous> (c:\Work\Materials\NodeJS\numtoword\node_modules\saxon-js\SaxonJS2N.js:4408:446)
    at c:\Work\Materials\NodeJS\numtoword\node_modules\saxon-js\SaxonJS2N.js:4154:501
    at c:\Work\Materials\NodeJS\numtoword\node_modules\saxon-js\SaxonJS2N.js:4136:33
    at Array.forEach (<anonymous>)
    at c:\Work\Materials\NodeJS\numtoword\node_modules\saxon-js\SaxonJS2N.js:4136:6
    at c:\Work\Materials\NodeJS\numtoword\node_modules\saxon-js\SaxonJS2N.js:4164:69
    at c:\Work\Materials\NodeJS\numtoword\node_modules\saxon-js\SaxonJS2N.js:4164:69
    at c:\Work\Materials\NodeJS\numtoword\node_modules\saxon-js\SaxonJS2N.js:4136:33
    at Array.forEach (<anonymous>)
    at c:\Work\Materials\NodeJS\numtoword\node_modules\saxon-js\SaxonJS2N.js:4136:6
    at c:\Work\Materials\NodeJS\numtoword\node_modules\saxon-js\SaxonJS2N.js:4164:69
    at c:\Work\Materials\NodeJS\numtoword\node_modules\saxon-js\SaxonJS2N.js:4136:33
    at Array.forEach (<anonymous>)
    at c:\Work\Materials\NodeJS\numtoword\node_modules\saxon-js\SaxonJS2N.js:4136:6
    at c:\Work\Materials\NodeJS\numtoword\node_modules\saxon-js\SaxonJS2N.js:4136:33
    at Array.forEach (<anonymous>)
    at c:\Work\Materials\NodeJS\numtoword\node_modules\saxon-js\SaxonJS2N.js:4136:6
    at c:\Work\Materials\NodeJS\numtoword\node_modules\saxon-js\SaxonJS2N.js:4154:324
    at Object.push (c:\Work\Materials\NodeJS\numtoword\node_modules\saxon-js\SaxonJS2N.js:4167:370)
    at e.uf (c:\Work\Materials\NodeJS\numtoword\node_modules\saxon-js\SaxonJS2N.js:4745:502)
    at c:\Work\Materials\NodeJS\numtoword\node_modules\saxon-js\SaxonJS2N.js:4743:284
    at wc.ba.forEachItem (c:\Work\Materials\NodeJS\numtoword\node_modules\saxon-js\SaxonJS2N.js:3985:583)
    at e.Ib (c:\Work\Materials\NodeJS\numtoword\node_modules\saxon-js\SaxonJS2N.js:4743:251)
    at e (c:\Work\Materials\NodeJS\numtoword\node_modules\saxon-js\SaxonJS2N.js:4758:179)
    at c:\Work\Materials\NodeJS\numtoword\node_modules\saxon-js\SaxonJS2N.js:4784:306
    at processTicksAndRejections (node:internal/process/task_queues:96:5) {
  message: 'Supplied value "34-657.56" is not a valid xs:double',
  name: 'XError',
  code: 'FORG0001',
  xsltLineNr: '376',
  xsltModule: 'amountTranslate.sef'
}

node:internal/process/promises:265
            triggerUncaughtException(err, true /* fromPromise */);
            ^
Error
    at new K (c:\Work\Materials\NodeJS\numtoword\node_modules\saxon-js\SaxonJS2N.js:3887:513)
    at g (c:\Work\Materials\NodeJS\numtoword\node_modules\saxon-js\SaxonJS2N.js:3940:372)
    at f (c:\Work\Materials\NodeJS\numtoword\node_modules\saxon-js\SaxonJS2N.js:3941:199)
    at Object.fromString (c:\Work\Materials\NodeJS\numtoword\node_modules\saxon-js\SaxonJS2N.js:3949:199)
    at Object.K (c:\Work\Materials\NodeJS\numtoword\node_modules\saxon-js\SaxonJS2N.js:3949:478)
    at B (c:\Work\Materials\NodeJS\numtoword\node_modules\saxon-js\SaxonJS2N.js:4087:34)
    at Object.gh (c:\Work\Materials\NodeJS\numtoword\node_modules\saxon-js\SaxonJS2N.js:4087:392)
    at Array.<anonymous> (c:\Work\Materials\NodeJS\numtoword\node_modules\saxon-js\SaxonJS2N.js:4408:446)
    at c:\Work\Materials\NodeJS\numtoword\node_modules\saxon-js\SaxonJS2N.js:4154:501
    at c:\Work\Materials\NodeJS\numtoword\node_modules\saxon-js\SaxonJS2N.js:4136:33
    at Array.forEach (<anonymous>)
    at c:\Work\Materials\NodeJS\numtoword\node_modules\saxon-js\SaxonJS2N.js:4136:6
    at c:\Work\Materials\NodeJS\numtoword\node_modules\saxon-js\SaxonJS2N.js:4164:69
    at c:\Work\Materials\NodeJS\numtoword\node_modules\saxon-js\SaxonJS2N.js:4164:69
    at c:\Work\Materials\NodeJS\numtoword\node_modules\saxon-js\SaxonJS2N.js:4136:33
    at Array.forEach (<anonymous>)
    at c:\Work\Materials\NodeJS\numtoword\node_modules\saxon-js\SaxonJS2N.js:4136:6
    at c:\Work\Materials\NodeJS\numtoword\node_modules\saxon-js\SaxonJS2N.js:4164:69
    at c:\Work\Materials\NodeJS\numtoword\node_modules\saxon-js\SaxonJS2N.js:4136:33
    at Array.forEach (<anonymous>)
    at c:\Work\Materials\NodeJS\numtoword\node_modules\saxon-js\SaxonJS2N.js:4136:6
    at c:\Work\Materials\NodeJS\numtoword\node_modules\saxon-js\SaxonJS2N.js:4136:33
    at Array.forEach (<anonymous>)
    at c:\Work\Materials\NodeJS\numtoword\node_modules\saxon-js\SaxonJS2N.js:4136:6
    at c:\Work\Materials\NodeJS\numtoword\node_modules\saxon-js\SaxonJS2N.js:4154:324
    at Object.push (c:\Work\Materials\NodeJS\numtoword\node_modules\saxon-js\SaxonJS2N.js:4167:370)
    at e.uf (c:\Work\Materials\NodeJS\numtoword\node_modules\saxon-js\SaxonJS2N.js:4745:502)
    at c:\Work\Materials\NodeJS\numtoword\node_modules\saxon-js\SaxonJS2N.js:4743:284
    at wc.ba.forEachItem (c:\Work\Materials\NodeJS\numtoword\node_modules\saxon-js\SaxonJS2N.js:3985:583)
    at e.Ib (c:\Work\Materials\NodeJS\numtoword\node_modules\saxon-js\SaxonJS2N.js:4743:251)
    at e (c:\Work\Materials\NodeJS\numtoword\node_modules\saxon-js\SaxonJS2N.js:4758:179)
    at c:\Work\Materials\NodeJS\numtoword\node_modules\saxon-js\SaxonJS2N.js:4784:306
    at processTicksAndRejections (node:internal/process/task_queues:96:5) {
  message: 'Supplied value "34-657.56" is not a valid xs:double',
  name: 'XError',
  code: 'FORG0001',
  xsltLineNr: '376',
  xsltModule: 'amountTranslate.sef'
}

node:internal/process/promises:265
            triggerUncaughtException(err, true /* fromPromise */);
            ^
Error
    at new K (c:\Work\Materials\NodeJS\numtoword\node_modules\saxon-js\SaxonJS2N.js:3887:513)
    at g (c:\Work\Materials\NodeJS\numtoword\node_modules\saxon-js\SaxonJS2N.js:3940:372)
    at f (c:\Work\Materials\NodeJS\numtoword\node_modules\saxon-js\SaxonJS2N.js:3941:199)
    at Object.fromString (c:\Work\Materials\NodeJS\numtoword\node_modules\saxon-js\SaxonJS2N.js:3949:199)
    at Object.K (c:\Work\Materials\NodeJS\numtoword\node_modules\saxon-js\SaxonJS2N.js:3949:478)
    at B (c:\Work\Materials\NodeJS\numtoword\node_modules\saxon-js\SaxonJS2N.js:4087:34)
    at Object.gh (c:\Work\Materials\NodeJS\numtoword\node_modules\saxon-js\SaxonJS2N.js:4087:392)
    at Array.<anonymous> (c:\Work\Materials\NodeJS\numtoword\node_modules\saxon-js\SaxonJS2N.js:4408:446)
    at c:\Work\Materials\NodeJS\numtoword\node_modules\saxon-js\SaxonJS2N.js:4154:501
    at c:\Work\Materials\NodeJS\numtoword\node_modules\saxon-js\SaxonJS2N.js:4136:33
    at Array.forEach (<anonymous>)
    at c:\Work\Materials\NodeJS\numtoword\node_modules\saxon-js\SaxonJS2N.js:4136:6
    at c:\Work\Materials\NodeJS\numtoword\node_modules\saxon-js\SaxonJS2N.js:4164:69
    at c:\Work\Materials\NodeJS\numtoword\node_modules\saxon-js\SaxonJS2N.js:4164:69
    at c:\Work\Materials\NodeJS\numtoword\node_modules\saxon-js\SaxonJS2N.js:4136:33
    at Array.forEach (<anonymous>)
    at c:\Work\Materials\NodeJS\numtoword\node_modules\saxon-js\SaxonJS2N.js:4136:6
    at c:\Work\Materials\NodeJS\numtoword\node_modules\saxon-js\SaxonJS2N.js:4164:69
    at c:\Work\Materials\NodeJS\numtoword\node_modules\saxon-js\SaxonJS2N.js:4136:33
    at Array.forEach (<anonymous>)
    at c:\Work\Materials\NodeJS\numtoword\node_modules\saxon-js\SaxonJS2N.js:4136:6
    at c:\Work\Materials\NodeJS\numtoword\node_modules\saxon-js\SaxonJS2N.js:4136:33
    at Array.forEach (<anonymous>)
    at c:\Work\Materials\NodeJS\numtoword\node_modules\saxon-js\SaxonJS2N.js:4136:6
    at c:\Work\Materials\NodeJS\numtoword\node_modules\saxon-js\SaxonJS2N.js:4154:324
    at Object.push (c:\Work\Materials\NodeJS\numtoword\node_modules\saxon-js\SaxonJS2N.js:4167:370)
    at e.uf (c:\Work\Materials\NodeJS\numtoword\node_modules\saxon-js\SaxonJS2N.js:4745:502)
    at c:\Work\Materials\NodeJS\numtoword\node_modules\saxon-js\SaxonJS2N.js:4743:284
    at wc.ba.forEachItem (c:\Work\Materials\NodeJS\numtoword\node_modules\saxon-js\SaxonJS2N.js:3985:583)
    at e.Ib (c:\Work\Materials\NodeJS\numtoword\node_modules\saxon-js\SaxonJS2N.js:4743:251)
    at e (c:\Work\Materials\NodeJS\numtoword\node_modules\saxon-js\SaxonJS2N.js:4758:179)
    at c:\Work\Materials\NodeJS\numtoword\node_modules\saxon-js\SaxonJS2N.js:4784:306
    at processTicksAndRejections (node:internal/process/task_queues:96:5) {
  message: 'Supplied value "34-657.56" is not a valid xs:double',
  name: 'XError',
  code: 'FORG0001',
  xsltLineNr: '376',
  xsltModule: 'amountTranslate.sef'
}

node:internal/process/promises:265
            triggerUncaughtException(err, true /* fromPromise */);
            ^
Error
    at new K (c:\Work\Materials\NodeJS\numtoword\node_modules\saxon-js\SaxonJS2N.js:3887:513)
    at g (c:\Work\Materials\NodeJS\numtoword\node_modules\saxon-js\SaxonJS2N.js:3940:372)
    at f (c:\Work\Materials\NodeJS\numtoword\node_modules\saxon-js\SaxonJS2N.js:3941:199)
    at Object.fromString (c:\Work\Materials\NodeJS\numtoword\node_modules\saxon-js\SaxonJS2N.js:3949:199)
    at Object.K (c:\Work\Materials\NodeJS\numtoword\node_modules\saxon-js\SaxonJS2N.js:3949:478)
    at B (c:\Work\Materials\NodeJS\numtoword\node_modules\saxon-js\SaxonJS2N.js:4087:34)
    at Object.gh (c:\Work\Materials\NodeJS\numtoword\node_modules\saxon-js\SaxonJS2N.js:4087:392)
    at Array.<anonymous> (c:\Work\Materials\NodeJS\numtoword\node_modules\saxon-js\SaxonJS2N.js:4408:446)
    at c:\Work\Materials\NodeJS\numtoword\node_modules\saxon-js\SaxonJS2N.js:4154:501
    at c:\Work\Materials\NodeJS\numtoword\node_modules\saxon-js\SaxonJS2N.js:4136:33
    at Array.forEach (<anonymous>)
    at c:\Work\Materials\NodeJS\numtoword\node_modules\saxon-js\SaxonJS2N.js:4136:6
    at c:\Work\Materials\NodeJS\numtoword\node_modules\saxon-js\SaxonJS2N.js:4164:69
    at c:\Work\Materials\NodeJS\numtoword\node_modules\saxon-js\SaxonJS2N.js:4164:69
    at c:\Work\Materials\NodeJS\numtoword\node_modules\saxon-js\SaxonJS2N.js:4136:33
    at Array.forEach (<anonymous>)
    at c:\Work\Materials\NodeJS\numtoword\node_modules\saxon-js\SaxonJS2N.js:4136:6
    at c:\Work\Materials\NodeJS\numtoword\node_modules\saxon-js\SaxonJS2N.js:4164:69
    at c:\Work\Materials\NodeJS\numtoword\node_modules\saxon-js\SaxonJS2N.js:4136:33
    at Array.forEach (<anonymous>)
    at c:\Work\Materials\NodeJS\numtoword\node_modules\saxon-js\SaxonJS2N.js:4136:6
    at c:\Work\Materials\NodeJS\numtoword\node_modules\saxon-js\SaxonJS2N.js:4136:33
    at Array.forEach (<anonymous>)
    at c:\Work\Materials\NodeJS\numtoword\node_modules\saxon-js\SaxonJS2N.js:4136:6
    at c:\Work\Materials\NodeJS\numtoword\node_modules\saxon-js\SaxonJS2N.js:4154:324
    at Object.push (c:\Work\Materials\NodeJS\numtoword\node_modules\saxon-js\SaxonJS2N.js:4167:370)
    at e.uf (c:\Work\Materials\NodeJS\numtoword\node_modules\saxon-js\SaxonJS2N.js:4745:502)
    at c:\Work\Materials\NodeJS\numtoword\node_modules\saxon-js\SaxonJS2N.js:4743:284
    at wc.ba.forEachItem (c:\Work\Materials\NodeJS\numtoword\node_modules\saxon-js\SaxonJS2N.js:3985:583)
    at e.Ib (c:\Work\Materials\NodeJS\numtoword\node_modules\saxon-js\SaxonJS2N.js:4743:251)
    at e (c:\Work\Materials\NodeJS\numtoword\node_modules\saxon-js\SaxonJS2N.js:4758:179)
    at c:\Work\Materials\NodeJS\numtoword\node_modules\saxon-js\SaxonJS2N.js:4784:306
    at processTicksAndRejections (node:internal/process/task_queues:96:5) {
  message: 'Supplied value "34-657.56" is not a valid xs:double',
  name: 'XError',
  code: 'FORG0001',
  xsltLineNr: '376',
  xsltModule: 'amountTranslate.sef'
}

node:internal/process/promises:265
            triggerUncaughtException(err, true /* fromPromise */);
            ^
Error
    at new K (c:\Work\Materials\NodeJS\numtoword\node_modules\saxon-js\SaxonJS2N.js:3887:513)
    at g (c:\Work\Materials\NodeJS\numtoword\node_modules\saxon-js\SaxonJS2N.js:3940:372)
    at f (c:\Work\Materials\NodeJS\numtoword\node_modules\saxon-js\SaxonJS2N.js:3941:199)
    at Object.fromString (c:\Work\Materials\NodeJS\numtoword\node_modules\saxon-js\SaxonJS2N.js:3949:199)
    at Object.K (c:\Work\Materials\NodeJS\numtoword\node_modules\saxon-js\SaxonJS2N.js:3949:478)
    at B (c:\Work\Materials\NodeJS\numtoword\node_modules\saxon-js\SaxonJS2N.js:4087:34)
    at Object.gh (c:\Work\Materials\NodeJS\numtoword\node_modules\saxon-js\SaxonJS2N.js:4087:392)
    at Array.<anonymous> (c:\Work\Materials\NodeJS\numtoword\node_modules\saxon-js\SaxonJS2N.js:4408:446)
    at c:\Work\Materials\NodeJS\numtoword\node_modules\saxon-js\SaxonJS2N.js:4154:501
    at c:\Work\Materials\NodeJS\numtoword\node_modules\saxon-js\SaxonJS2N.js:4136:33
    at Array.forEach (<anonymous>)
    at c:\Work\Materials\NodeJS\numtoword\node_modules\saxon-js\SaxonJS2N.js:4136:6
    at c:\Work\Materials\NodeJS\numtoword\node_modules\saxon-js\SaxonJS2N.js:4164:69
    at c:\Work\Materials\NodeJS\numtoword\node_modules\saxon-js\SaxonJS2N.js:4164:69
    at c:\Work\Materials\NodeJS\numtoword\node_modules\saxon-js\SaxonJS2N.js:4136:33
    at Array.forEach (<anonymous>)
    at c:\Work\Materials\NodeJS\numtoword\node_modules\saxon-js\SaxonJS2N.js:4136:6
    at c:\Work\Materials\NodeJS\numtoword\node_modules\saxon-js\SaxonJS2N.js:4164:69
    at c:\Work\Materials\NodeJS\numtoword\node_modules\saxon-js\SaxonJS2N.js:4136:33
    at Array.forEach (<anonymous>)
    at c:\Work\Materials\NodeJS\numtoword\node_modules\saxon-js\SaxonJS2N.js:4136:6
    at c:\Work\Materials\NodeJS\numtoword\node_modules\saxon-js\SaxonJS2N.js:4136:33
    at Array.forEach (<anonymous>)
    at c:\Work\Materials\NodeJS\numtoword\node_modules\saxon-js\SaxonJS2N.js:4136:6
    at c:\Work\Materials\NodeJS\numtoword\node_modules\saxon-js\SaxonJS2N.js:4154:324
    at Object.push (c:\Work\Materials\NodeJS\numtoword\node_modules\saxon-js\SaxonJS2N.js:4167:370)
    at e.uf (c:\Work\Materials\NodeJS\numtoword\node_modules\saxon-js\SaxonJS2N.js:4745:502)
    at c:\Work\Materials\NodeJS\numtoword\node_modules\saxon-js\SaxonJS2N.js:4743:284
    at wc.ba.forEachItem (c:\Work\Materials\NodeJS\numtoword\node_modules\saxon-js\SaxonJS2N.js:3985:583)
    at e.Ib (c:\Work\Materials\NodeJS\numtoword\node_modules\saxon-js\SaxonJS2N.js:4743:251)
    at e (c:\Work\Materials\NodeJS\numtoword\node_modules\saxon-js\SaxonJS2N.js:4758:179)
    at c:\Work\Materials\NodeJS\numtoword\node_modules\saxon-js\SaxonJS2N.js:4784:306
    at processTicksAndRejections (node:internal/process/task_queues:96:5) {
  message: 'Supplied value "34-657.56" is not a valid xs:double',
  name: 'XError',
  code: 'FORG0001',
  xsltLineNr: '376',
  xsltModule: 'amountTranslate.sef'
}

node:internal/process/promises:265
            triggerUncaughtException(err, true /* fromPromise */);
            ^
Error
    at new K (c:\Work\Materials\NodeJS\numtoword\node_modules\saxon-js\SaxonJS2N.js:3887:513)
    at g (c:\Work\Materials\NodeJS\numtoword\node_modules\saxon-js\SaxonJS2N.js:3940:372)
    at f (c:\Work\Materials\NodeJS\numtoword\node_modules\saxon-js\SaxonJS2N.js:3941:199)
    at Object.fromString (c:\Work\Materials\NodeJS\numtoword\node_modules\saxon-js\SaxonJS2N.js:3949:199)
    at Object.K (c:\Work\Materials\NodeJS\numtoword\node_modules\saxon-js\SaxonJS2N.js:3949:478)
    at B (c:\Work\Materials\NodeJS\numtoword\node_modules\saxon-js\SaxonJS2N.js:4087:34)
    at Object.gh (c:\Work\Materials\NodeJS\numtoword\node_modules\saxon-js\SaxonJS2N.js:4087:392)
    at Array.<anonymous> (c:\Work\Materials\NodeJS\numtoword\node_modules\saxon-js\SaxonJS2N.js:4408:446)
    at c:\Work\Materials\NodeJS\numtoword\node_modules\saxon-js\SaxonJS2N.js:4154:501
    at c:\Work\Materials\NodeJS\numtoword\node_modules\saxon-js\SaxonJS2N.js:4136:33
    at Array.forEach (<anonymous>)
    at c:\Work\Materials\NodeJS\numtoword\node_modules\saxon-js\SaxonJS2N.js:4136:6
    at c:\Work\Materials\NodeJS\numtoword\node_modules\saxon-js\SaxonJS2N.js:4164:69
    at c:\Work\Materials\NodeJS\numtoword\node_modules\saxon-js\SaxonJS2N.js:4164:69
    at c:\Work\Materials\NodeJS\numtoword\node_modules\saxon-js\SaxonJS2N.js:4136:33
    at Array.forEach (<anonymous>)
    at c:\Work\Materials\NodeJS\numtoword\node_modules\saxon-js\SaxonJS2N.js:4136:6
    at c:\Work\Materials\NodeJS\numtoword\node_modules\saxon-js\SaxonJS2N.js:4164:69
    at c:\Work\Materials\NodeJS\numtoword\node_modules\saxon-js\SaxonJS2N.js:4136:33
    at Array.forEach (<anonymous>)
    at c:\Work\Materials\NodeJS\numtoword\node_modules\saxon-js\SaxonJS2N.js:4136:6
    at c:\Work\Materials\NodeJS\numtoword\node_modules\saxon-js\SaxonJS2N.js:4136:33
    at Array.forEach (<anonymous>)
    at c:\Work\Materials\NodeJS\numtoword\node_modules\saxon-js\SaxonJS2N.js:4136:6
    at c:\Work\Materials\NodeJS\numtoword\node_modules\saxon-js\SaxonJS2N.js:4154:324
    at Object.push (c:\Work\Materials\NodeJS\numtoword\node_modules\saxon-js\SaxonJS2N.js:4167:370)
    at e.uf (c:\Work\Materials\NodeJS\numtoword\node_modules\saxon-js\SaxonJS2N.js:4745:502)
    at c:\Work\Materials\NodeJS\numtoword\node_modules\saxon-js\SaxonJS2N.js:4743:284
    at wc.ba.forEachItem (c:\Work\Materials\NodeJS\numtoword\node_modules\saxon-js\SaxonJS2N.js:3985:583)
    at e.Ib (c:\Work\Materials\NodeJS\numtoword\node_modules\saxon-js\SaxonJS2N.js:4743:251)
    at e (c:\Work\Materials\NodeJS\numtoword\node_modules\saxon-js\SaxonJS2N.js:4758:179)
    at c:\Work\Materials\NodeJS\numtoword\node_modules\saxon-js\SaxonJS2N.js:4784:306
    at processTicksAndRejections (node:internal/process/task_queues:96:5) {
  message: 'Supplied value "346--57.56" is not a valid xs:double',
  name: 'XError',
  code: 'FORG0001',
  xsltLineNr: '376',
  xsltModule: 'amountTranslate.sef'
}

node:internal/process/promises:265
            triggerUncaughtException(err, true /* fromPromise */);
            ^
Error
    at new K (c:\Work\Materials\NodeJS\numtoword\node_modules\saxon-js\SaxonJS2N.js:3887:513)
    at g (c:\Work\Materials\NodeJS\numtoword\node_modules\saxon-js\SaxonJS2N.js:3940:372)
    at f (c:\Work\Materials\NodeJS\numtoword\node_modules\saxon-js\SaxonJS2N.js:3941:199)
    at Object.fromString (c:\Work\Materials\NodeJS\numtoword\node_modules\saxon-js\SaxonJS2N.js:3949:199)
    at Object.K (c:\Work\Materials\NodeJS\numtoword\node_modules\saxon-js\SaxonJS2N.js:3949:478)
    at B (c:\Work\Materials\NodeJS\numtoword\node_modules\saxon-js\SaxonJS2N.js:4087:34)
    at Object.gh (c:\Work\Materials\NodeJS\numtoword\node_modules\saxon-js\SaxonJS2N.js:4087:392)
    at Array.<anonymous> (c:\Work\Materials\NodeJS\numtoword\node_modules\saxon-js\SaxonJS2N.js:4408:446)
    at c:\Work\Materials\NodeJS\numtoword\node_modules\saxon-js\SaxonJS2N.js:4154:501
    at c:\Work\Materials\NodeJS\numtoword\node_modules\saxon-js\SaxonJS2N.js:4136:33
    at Array.forEach (<anonymous>)
    at c:\Work\Materials\NodeJS\numtoword\node_modules\saxon-js\SaxonJS2N.js:4136:6
    at c:\Work\Materials\NodeJS\numtoword\node_modules\saxon-js\SaxonJS2N.js:4164:69
    at c:\Work\Materials\NodeJS\numtoword\node_modules\saxon-js\SaxonJS2N.js:4164:69
    at c:\Work\Materials\NodeJS\numtoword\node_modules\saxon-js\SaxonJS2N.js:4136:33
    at Array.forEach (<anonymous>)
    at c:\Work\Materials\NodeJS\numtoword\node_modules\saxon-js\SaxonJS2N.js:4136:6
    at c:\Work\Materials\NodeJS\numtoword\node_modules\saxon-js\SaxonJS2N.js:4164:69
    at c:\Work\Materials\NodeJS\numtoword\node_modules\saxon-js\SaxonJS2N.js:4136:33
    at Array.forEach (<anonymous>)
    at c:\Work\Materials\NodeJS\numtoword\node_modules\saxon-js\SaxonJS2N.js:4136:6
    at c:\Work\Materials\NodeJS\numtoword\node_modules\saxon-js\SaxonJS2N.js:4136:33
    at Array.forEach (<anonymous>)
    at c:\Work\Materials\NodeJS\numtoword\node_modules\saxon-js\SaxonJS2N.js:4136:6
    at c:\Work\Materials\NodeJS\numtoword\node_modules\saxon-js\SaxonJS2N.js:4154:324
    at Object.push (c:\Work\Materials\NodeJS\numtoword\node_modules\saxon-js\SaxonJS2N.js:4167:370)
    at e.uf (c:\Work\Materials\NodeJS\numtoword\node_modules\saxon-js\SaxonJS2N.js:4745:502)
    at c:\Work\Materials\NodeJS\numtoword\node_modules\saxon-js\SaxonJS2N.js:4743:284
    at wc.ba.forEachItem (c:\Work\Materials\NodeJS\numtoword\node_modules\saxon-js\SaxonJS2N.js:3985:583)
    at e.Ib (c:\Work\Materials\NodeJS\numtoword\node_modules\saxon-js\SaxonJS2N.js:4743:251)
    at e (c:\Work\Materials\NodeJS\numtoword\node_modules\saxon-js\SaxonJS2N.js:4758:179)
    at c:\Work\Materials\NodeJS\numtoword\node_modules\saxon-js\SaxonJS2N.js:4784:306
    at processTicksAndRejections (node:internal/process/task_queues:96:5) {
  message: 'Supplied value "346--57.56" is not a valid xs:double',
  name: 'XError',
  code: 'FORG0001',
  xsltLineNr: '376',
  xsltModule: 'amountTranslate.sef'
}

node:internal/process/promises:265
            triggerUncaughtException(err, true /* fromPromise */);
            ^
Error
    at new K (c:\Work\Materials\NodeJS\numtoword\node_modules\saxon-js\SaxonJS2N.js:3887:513)
    at g (c:\Work\Materials\NodeJS\numtoword\node_modules\saxon-js\SaxonJS2N.js:3940:372)
    at f (c:\Work\Materials\NodeJS\numtoword\node_modules\saxon-js\SaxonJS2N.js:3941:199)
    at Object.fromString (c:\Work\Materials\NodeJS\numtoword\node_modules\saxon-js\SaxonJS2N.js:3949:199)
    at Object.K (c:\Work\Materials\NodeJS\numtoword\node_modules\saxon-js\SaxonJS2N.js:3949:478)
    at B (c:\Work\Materials\NodeJS\numtoword\node_modules\saxon-js\SaxonJS2N.js:4087:34)
    at Object.gh (c:\Work\Materials\NodeJS\numtoword\node_modules\saxon-js\SaxonJS2N.js:4087:392)
    at Array.<anonymous> (c:\Work\Materials\NodeJS\numtoword\node_modules\saxon-js\SaxonJS2N.js:4408:446)
    at c:\Work\Materials\NodeJS\numtoword\node_modules\saxon-js\SaxonJS2N.js:4154:501
    at c:\Work\Materials\NodeJS\numtoword\node_modules\saxon-js\SaxonJS2N.js:4136:33
    at Array.forEach (<anonymous>)
    at c:\Work\Materials\NodeJS\numtoword\node_modules\saxon-js\SaxonJS2N.js:4136:6
    at c:\Work\Materials\NodeJS\numtoword\node_modules\saxon-js\SaxonJS2N.js:4164:69
    at c:\Work\Materials\NodeJS\numtoword\node_modules\saxon-js\SaxonJS2N.js:4164:69
    at c:\Work\Materials\NodeJS\numtoword\node_modules\saxon-js\SaxonJS2N.js:4136:33
    at Array.forEach (<anonymous>)
    at c:\Work\Materials\NodeJS\numtoword\node_modules\saxon-js\SaxonJS2N.js:4136:6
    at c:\Work\Materials\NodeJS\numtoword\node_modules\saxon-js\SaxonJS2N.js:4164:69
    at c:\Work\Materials\NodeJS\numtoword\node_modules\saxon-js\SaxonJS2N.js:4136:33
    at Array.forEach (<anonymous>)
    at c:\Work\Materials\NodeJS\numtoword\node_modules\saxon-js\SaxonJS2N.js:4136:6
    at c:\Work\Materials\NodeJS\numtoword\node_modules\saxon-js\SaxonJS2N.js:4136:33
    at Array.forEach (<anonymous>)
    at c:\Work\Materials\NodeJS\numtoword\node_modules\saxon-js\SaxonJS2N.js:4136:6
    at c:\Work\Materials\NodeJS\numtoword\node_modules\saxon-js\SaxonJS2N.js:4154:324
    at Object.push (c:\Work\Materials\NodeJS\numtoword\node_modules\saxon-js\SaxonJS2N.js:4167:370)
    at e.uf (c:\Work\Materials\NodeJS\numtoword\node_modules\saxon-js\SaxonJS2N.js:4745:502)
    at c:\Work\Materials\NodeJS\numtoword\node_modules\saxon-js\SaxonJS2N.js:4743:284
    at wc.ba.forEachItem (c:\Work\Materials\NodeJS\numtoword\node_modules\saxon-js\SaxonJS2N.js:3985:583)
    at e.Ib (c:\Work\Materials\NodeJS\numtoword\node_modules\saxon-js\SaxonJS2N.js:4743:251)
    at e (c:\Work\Materials\NodeJS\numtoword\node_modules\saxon-js\SaxonJS2N.js:4758:179)
    at c:\Work\Materials\NodeJS\numtoword\node_modules\saxon-js\SaxonJS2N.js:4784:306
    at processTicksAndRejections (node:internal/process/task_queues:96:5) {
  message: 'Supplied value "346--57.56" is not a valid xs:double',
  name: 'XError',
  code: 'FORG0001',
  xsltLineNr: '376',
  xsltModule: 'amountTranslate.sef'
}

node:internal/process/promises:265
            triggerUncaughtException(err, true /* fromPromise */);
            ^
Error
    at new K (c:\Work\Materials\NodeJS\numtoword\node_modules\saxon-js\SaxonJS2N.js:3887:513)
    at g (c:\Work\Materials\NodeJS\numtoword\node_modules\saxon-js\SaxonJS2N.js:3940:372)
    at f (c:\Work\Materials\NodeJS\numtoword\node_modules\saxon-js\SaxonJS2N.js:3941:199)
    at Object.fromString (c:\Work\Materials\NodeJS\numtoword\node_modules\saxon-js\SaxonJS2N.js:3949:199)
    at Object.K (c:\Work\Materials\NodeJS\numtoword\node_modules\saxon-js\SaxonJS2N.js:3949:478)
    at B (c:\Work\Materials\NodeJS\numtoword\node_modules\saxon-js\SaxonJS2N.js:4087:34)
    at Object.gh (c:\Work\Materials\NodeJS\numtoword\node_modules\saxon-js\SaxonJS2N.js:4087:392)
    at Array.<anonymous> (c:\Work\Materials\NodeJS\numtoword\node_modules\saxon-js\SaxonJS2N.js:4408:446)
    at c:\Work\Materials\NodeJS\numtoword\node_modules\saxon-js\SaxonJS2N.js:4154:501
    at c:\Work\Materials\NodeJS\numtoword\node_modules\saxon-js\SaxonJS2N.js:4136:33
    at Array.forEach (<anonymous>)
    at c:\Work\Materials\NodeJS\numtoword\node_modules\saxon-js\SaxonJS2N.js:4136:6
    at c:\Work\Materials\NodeJS\numtoword\node_modules\saxon-js\SaxonJS2N.js:4164:69
    at c:\Work\Materials\NodeJS\numtoword\node_modules\saxon-js\SaxonJS2N.js:4164:69
    at c:\Work\Materials\NodeJS\numtoword\node_modules\saxon-js\SaxonJS2N.js:4136:33
    at Array.forEach (<anonymous>)
    at c:\Work\Materials\NodeJS\numtoword\node_modules\saxon-js\SaxonJS2N.js:4136:6
    at c:\Work\Materials\NodeJS\numtoword\node_modules\saxon-js\SaxonJS2N.js:4164:69
    at c:\Work\Materials\NodeJS\numtoword\node_modules\saxon-js\SaxonJS2N.js:4136:33
    at Array.forEach (<anonymous>)
    at c:\Work\Materials\NodeJS\numtoword\node_modules\saxon-js\SaxonJS2N.js:4136:6
    at c:\Work\Materials\NodeJS\numtoword\node_modules\saxon-js\SaxonJS2N.js:4136:33
    at Array.forEach (<anonymous>)
    at c:\Work\Materials\NodeJS\numtoword\node_modules\saxon-js\SaxonJS2N.js:4136:6
    at c:\Work\Materials\NodeJS\numtoword\node_modules\saxon-js\SaxonJS2N.js:4154:324
    at Object.push (c:\Work\Materials\NodeJS\numtoword\node_modules\saxon-js\SaxonJS2N.js:4167:370)
    at e.uf (c:\Work\Materials\NodeJS\numtoword\node_modules\saxon-js\SaxonJS2N.js:4745:502)
    at c:\Work\Materials\NodeJS\numtoword\node_modules\saxon-js\SaxonJS2N.js:4743:284
    at wc.ba.forEachItem (c:\Work\Materials\NodeJS\numtoword\node_modules\saxon-js\SaxonJS2N.js:3985:583)
    at e.Ib (c:\Work\Materials\NodeJS\numtoword\node_modules\saxon-js\SaxonJS2N.js:4743:251)
    at e (c:\Work\Materials\NodeJS\numtoword\node_modules\saxon-js\SaxonJS2N.js:4758:179)
    at c:\Work\Materials\NodeJS\numtoword\node_modules\saxon-js\SaxonJS2N.js:4784:306
    at processTicksAndRejections (node:internal/process/task_queues:96:5) {
  message: 'Supplied value "346--57.56" is not a valid xs:double',
  name: 'XError',
  code: 'FORG0001',
  xsltLineNr: '376',
  xsltModule: 'amountTranslate.sef'
}
