(node:1888) Warning: Accessing non-existent property 'padLevels' of module exports inside circular dependency
(Use `node --trace-warnings ...` to show where the warning was created)
Server is listening on http://localhost:2000
amount:34657.56 currency:som language:ru
 Тридцать четыре тысячи шестьсот пятьдесят семь сомов   пятьдесят шесть тыйынов 
amount:34657.56 currency:som language:ru
 Тридцать четыре тысячи шестьсот пятьдесят семь сомов   пятьдесят шесть тыйынов 
{"level":"error","message":"Forever detected script exited with code: 1"}
(node:32076) Warning: Accessing non-existent property 'padLevels' of module exports inside circular dependency
(Use `node --trace-warnings ...` to show where the warning was created)
Server is listening on http://localhost:2000
amount:34657.56 currency:som language:ru
 Тридцать четыре тысячи шестьсот пятьдесят семь сомов   пятьдесят шесть тыйынов 
amount:34657.56 currency:som language:ru
 Тридцать четыре тысячи шестьсот пятьдесят семь сомов   пятьдесят шесть тыйынов 
amount:34-657.56 currency:som language:ru
Transformation failure: Error FORG0001 at amountTranslate.sef#376
    Supplied value "34-657.56" is not a valid xs:double

node:internal/process/promises:265
            triggerUncaughtException(err, true /* fromPromise */);
            ^
Error
    at new K (c:\Work\Materials\NodeJS\numtoword\node_modules\saxon-js\SaxonJS2N.js:3887:513)
    at g (c:\Work\Materials\NodeJS\numtoword\node_modules\saxon-js\SaxonJS2N.js:3940:372)
    at f (c:\Work\Materials\NodeJS\numtoword\node_modules\saxon-js\SaxonJS2N.js:3941:199)
    at Object.fromString (c:\Work\Materials\NodeJS\numtoword\node_modules\saxon-js\SaxonJS2N.js:3949:199)
    at Object.K (c:\Work\Materials\NodeJS\numtoword\node_modules\saxon-js\SaxonJS2N.js:3949:478)
    at B (c:\Work\Materials\NodeJS\numtoword\node_modules\saxon-js\SaxonJS2N.js:4087:34)
    at Object.gh (c:\Work\Materials\NodeJS\numtoword\node_modules\saxon-js\SaxonJS2N.js:4087:392)
    at Array.<anonymous> (c:\Work\Materials\NodeJS\numtoword\node_modules\saxon-js\SaxonJS2N.js:4408:446)
    at c:\Work\Materials\NodeJS\numtoword\node_modules\saxon-js\SaxonJS2N.js:4154:501
    at c:\Work\Materials\NodeJS\numtoword\node_modules\saxon-js\SaxonJS2N.js:4136:33
    at Array.forEach (<anonymous>)
    at c:\Work\Materials\NodeJS\numtoword\node_modules\saxon-js\SaxonJS2N.js:4136:6
    at c:\Work\Materials\NodeJS\numtoword\node_modules\saxon-js\SaxonJS2N.js:4164:69
    at c:\Work\Materials\NodeJS\numtoword\node_modules\saxon-js\SaxonJS2N.js:4164:69
    at c:\Work\Materials\NodeJS\numtoword\node_modules\saxon-js\SaxonJS2N.js:4136:33
    at Array.forEach (<anonymous>)
    at c:\Work\Materials\NodeJS\numtoword\node_modules\saxon-js\SaxonJS2N.js:4136:6
    at c:\Work\Materials\NodeJS\numtoword\node_modules\saxon-js\SaxonJS2N.js:4164:69
    at c:\Work\Materials\NodeJS\numtoword\node_modules\saxon-js\SaxonJS2N.js:4136:33
    at Array.forEach (<anonymous>)
    at c:\Work\Materials\NodeJS\numtoword\node_modules\saxon-js\SaxonJS2N.js:4136:6
    at c:\Work\Materials\NodeJS\numtoword\node_modules\saxon-js\SaxonJS2N.js:4136:33
    at Array.forEach (<anonymous>)
    at c:\Work\Materials\NodeJS\numtoword\node_modules\saxon-js\SaxonJS2N.js:4136:6
    at c:\Work\Materials\NodeJS\numtoword\node_modules\saxon-js\SaxonJS2N.js:4154:324
    at Object.push (c:\Work\Materials\NodeJS\numtoword\node_modules\saxon-js\SaxonJS2N.js:4167:370)
    at e.uf (c:\Work\Materials\NodeJS\numtoword\node_modules\saxon-js\SaxonJS2N.js:4745:502)
    at c:\Work\Materials\NodeJS\numtoword\node_modules\saxon-js\SaxonJS2N.js:4743:284
    at wc.ba.forEachItem (c:\Work\Materials\NodeJS\numtoword\node_modules\saxon-js\SaxonJS2N.js:3985:583)
    at e.Ib (c:\Work\Materials\NodeJS\numtoword\node_modules\saxon-js\SaxonJS2N.js:4743:251)
    at e (c:\Work\Materials\NodeJS\numtoword\node_modules\saxon-js\SaxonJS2N.js:4758:179)
    at c:\Work\Materials\NodeJS\numtoword\node_modules\saxon-js\SaxonJS2N.js:4784:306
    at processTicksAndRejections (node:internal/process/task_queues:96:5) {
  message: 'Supplied value "34-657.56" is not a valid xs:double',
  name: 'XError',
  code: 'FORG0001',
  xsltLineNr: '376',
  xsltModule: 'amountTranslate.sef'
}
{"level":"error","message":"Forever detected script exited with code: 1"}
{"level":"error","message":"Script restart attempt #1"}
Server is listening on http://localhost:2000
amount:34-657.56 currency:som language:ru
Transformation failure: Error FORG0001 at amountTranslate.sef#376
    Supplied value "34-657.56" is not a valid xs:double

node:internal/process/promises:265
            triggerUncaughtException(err, true /* fromPromise */);
            ^
Error
    at new K (c:\Work\Materials\NodeJS\numtoword\node_modules\saxon-js\SaxonJS2N.js:3887:513)
    at g (c:\Work\Materials\NodeJS\numtoword\node_modules\saxon-js\SaxonJS2N.js:3940:372)
    at f (c:\Work\Materials\NodeJS\numtoword\node_modules\saxon-js\SaxonJS2N.js:3941:199)
    at Object.fromString (c:\Work\Materials\NodeJS\numtoword\node_modules\saxon-js\SaxonJS2N.js:3949:199)
    at Object.K (c:\Work\Materials\NodeJS\numtoword\node_modules\saxon-js\SaxonJS2N.js:3949:478)
    at B (c:\Work\Materials\NodeJS\numtoword\node_modules\saxon-js\SaxonJS2N.js:4087:34)
    at Object.gh (c:\Work\Materials\NodeJS\numtoword\node_modules\saxon-js\SaxonJS2N.js:4087:392)
    at Array.<anonymous> (c:\Work\Materials\NodeJS\numtoword\node_modules\saxon-js\SaxonJS2N.js:4408:446)
    at c:\Work\Materials\NodeJS\numtoword\node_modules\saxon-js\SaxonJS2N.js:4154:501
    at c:\Work\Materials\NodeJS\numtoword\node_modules\saxon-js\SaxonJS2N.js:4136:33
    at Array.forEach (<anonymous>)
    at c:\Work\Materials\NodeJS\numtoword\node_modules\saxon-js\SaxonJS2N.js:4136:6
    at c:\Work\Materials\NodeJS\numtoword\node_modules\saxon-js\SaxonJS2N.js:4164:69
    at c:\Work\Materials\NodeJS\numtoword\node_modules\saxon-js\SaxonJS2N.js:4164:69
    at c:\Work\Materials\NodeJS\numtoword\node_modules\saxon-js\SaxonJS2N.js:4136:33
    at Array.forEach (<anonymous>)
    at c:\Work\Materials\NodeJS\numtoword\node_modules\saxon-js\SaxonJS2N.js:4136:6
    at c:\Work\Materials\NodeJS\numtoword\node_modules\saxon-js\SaxonJS2N.js:4164:69
    at c:\Work\Materials\NodeJS\numtoword\node_modules\saxon-js\SaxonJS2N.js:4136:33
    at Array.forEach (<anonymous>)
    at c:\Work\Materials\NodeJS\numtoword\node_modules\saxon-js\SaxonJS2N.js:4136:6
    at c:\Work\Materials\NodeJS\numtoword\node_modules\saxon-js\SaxonJS2N.js:4136:33
    at Array.forEach (<anonymous>)
    at c:\Work\Materials\NodeJS\numtoword\node_modules\saxon-js\SaxonJS2N.js:4136:6
    at c:\Work\Materials\NodeJS\numtoword\node_modules\saxon-js\SaxonJS2N.js:4154:324
    at Object.push (c:\Work\Materials\NodeJS\numtoword\node_modules\saxon-js\SaxonJS2N.js:4167:370)
    at e.uf (c:\Work\Materials\NodeJS\numtoword\node_modules\saxon-js\SaxonJS2N.js:4745:502)
    at c:\Work\Materials\NodeJS\numtoword\node_modules\saxon-js\SaxonJS2N.js:4743:284
    at wc.ba.forEachItem (c:\Work\Materials\NodeJS\numtoword\node_modules\saxon-js\SaxonJS2N.js:3985:583)
    at e.Ib (c:\Work\Materials\NodeJS\numtoword\node_modules\saxon-js\SaxonJS2N.js:4743:251)
    at e (c:\Work\Materials\NodeJS\numtoword\node_modules\saxon-js\SaxonJS2N.js:4758:179)
    at c:\Work\Materials\NodeJS\numtoword\node_modules\saxon-js\SaxonJS2N.js:4784:306
    at processTicksAndRejections (node:internal/process/task_queues:96:5) {
  message: 'Supplied value "34-657.56" is not a valid xs:double',
  name: 'XError',
  code: 'FORG0001',
  xsltLineNr: '376',
  xsltModule: 'amountTranslate.sef'
}
{"level":"error","message":"Forever detected script exited with code: 1"}
{"level":"error","message":"Script restart attempt #2"}
Server is listening on http://localhost:2000
amount:34-657.56 currency:som language:ru
Transformation failure: Error FORG0001 at amountTranslate.sef#376
    Supplied value "34-657.56" is not a valid xs:double

node:internal/process/promises:265
            triggerUncaughtException(err, true /* fromPromise */);
            ^
Error
    at new K (c:\Work\Materials\NodeJS\numtoword\node_modules\saxon-js\SaxonJS2N.js:3887:513)
    at g (c:\Work\Materials\NodeJS\numtoword\node_modules\saxon-js\SaxonJS2N.js:3940:372)
    at f (c:\Work\Materials\NodeJS\numtoword\node_modules\saxon-js\SaxonJS2N.js:3941:199)
    at Object.fromString (c:\Work\Materials\NodeJS\numtoword\node_modules\saxon-js\SaxonJS2N.js:3949:199)
    at Object.K (c:\Work\Materials\NodeJS\numtoword\node_modules\saxon-js\SaxonJS2N.js:3949:478)
    at B (c:\Work\Materials\NodeJS\numtoword\node_modules\saxon-js\SaxonJS2N.js:4087:34)
    at Object.gh (c:\Work\Materials\NodeJS\numtoword\node_modules\saxon-js\SaxonJS2N.js:4087:392)
    at Array.<anonymous> (c:\Work\Materials\NodeJS\numtoword\node_modules\saxon-js\SaxonJS2N.js:4408:446)
    at c:\Work\Materials\NodeJS\numtoword\node_modules\saxon-js\SaxonJS2N.js:4154:501
    at c:\Work\Materials\NodeJS\numtoword\node_modules\saxon-js\SaxonJS2N.js:4136:33
    at Array.forEach (<anonymous>)
    at c:\Work\Materials\NodeJS\numtoword\node_modules\saxon-js\SaxonJS2N.js:4136:6
    at c:\Work\Materials\NodeJS\numtoword\node_modules\saxon-js\SaxonJS2N.js:4164:69
    at c:\Work\Materials\NodeJS\numtoword\node_modules\saxon-js\SaxonJS2N.js:4164:69
    at c:\Work\Materials\NodeJS\numtoword\node_modules\saxon-js\SaxonJS2N.js:4136:33
    at Array.forEach (<anonymous>)
    at c:\Work\Materials\NodeJS\numtoword\node_modules\saxon-js\SaxonJS2N.js:4136:6
    at c:\Work\Materials\NodeJS\numtoword\node_modules\saxon-js\SaxonJS2N.js:4164:69
    at c:\Work\Materials\NodeJS\numtoword\node_modules\saxon-js\SaxonJS2N.js:4136:33
    at Array.forEach (<anonymous>)
    at c:\Work\Materials\NodeJS\numtoword\node_modules\saxon-js\SaxonJS2N.js:4136:6
    at c:\Work\Materials\NodeJS\numtoword\node_modules\saxon-js\SaxonJS2N.js:4136:33
    at Array.forEach (<anonymous>)
    at c:\Work\Materials\NodeJS\numtoword\node_modules\saxon-js\SaxonJS2N.js:4136:6
    at c:\Work\Materials\NodeJS\numtoword\node_modules\saxon-js\SaxonJS2N.js:4154:324
    at Object.push (c:\Work\Materials\NodeJS\numtoword\node_modules\saxon-js\SaxonJS2N.js:4167:370)
    at e.uf (c:\Work\Materials\NodeJS\numtoword\node_modules\saxon-js\SaxonJS2N.js:4745:502)
    at c:\Work\Materials\NodeJS\numtoword\node_modules\saxon-js\SaxonJS2N.js:4743:284
    at wc.ba.forEachItem (c:\Work\Materials\NodeJS\numtoword\node_modules\saxon-js\SaxonJS2N.js:3985:583)
    at e.Ib (c:\Work\Materials\NodeJS\numtoword\node_modules\saxon-js\SaxonJS2N.js:4743:251)
    at e (c:\Work\Materials\NodeJS\numtoword\node_modules\saxon-js\SaxonJS2N.js:4758:179)
    at c:\Work\Materials\NodeJS\numtoword\node_modules\saxon-js\SaxonJS2N.js:4784:306
    at processTicksAndRejections (node:internal/process/task_queues:96:5) {
  message: 'Supplied value "34-657.56" is not a valid xs:double',
  name: 'XError',
  code: 'FORG0001',
  xsltLineNr: '376',
  xsltModule: 'amountTranslate.sef'
}
{"level":"error","message":"Forever detected script exited with code: 1"}
{"level":"error","message":"Script restart attempt #3"}
Server is listening on http://localhost:2000
amount:34-657.56 currency:som language:ru
Transformation failure: Error FORG0001 at amountTranslate.sef#376
    Supplied value "34-657.56" is not a valid xs:double

node:internal/process/promises:265
            triggerUncaughtException(err, true /* fromPromise */);
            ^
Error
    at new K (c:\Work\Materials\NodeJS\numtoword\node_modules\saxon-js\SaxonJS2N.js:3887:513)
    at g (c:\Work\Materials\NodeJS\numtoword\node_modules\saxon-js\SaxonJS2N.js:3940:372)
    at f (c:\Work\Materials\NodeJS\numtoword\node_modules\saxon-js\SaxonJS2N.js:3941:199)
    at Object.fromString (c:\Work\Materials\NodeJS\numtoword\node_modules\saxon-js\SaxonJS2N.js:3949:199)
    at Object.K (c:\Work\Materials\NodeJS\numtoword\node_modules\saxon-js\SaxonJS2N.js:3949:478)
    at B (c:\Work\Materials\NodeJS\numtoword\node_modules\saxon-js\SaxonJS2N.js:4087:34)
    at Object.gh (c:\Work\Materials\NodeJS\numtoword\node_modules\saxon-js\SaxonJS2N.js:4087:392)
    at Array.<anonymous> (c:\Work\Materials\NodeJS\numtoword\node_modules\saxon-js\SaxonJS2N.js:4408:446)
    at c:\Work\Materials\NodeJS\numtoword\node_modules\saxon-js\SaxonJS2N.js:4154:501
    at c:\Work\Materials\NodeJS\numtoword\node_modules\saxon-js\SaxonJS2N.js:4136:33
    at Array.forEach (<anonymous>)
    at c:\Work\Materials\NodeJS\numtoword\node_modules\saxon-js\SaxonJS2N.js:4136:6
    at c:\Work\Materials\NodeJS\numtoword\node_modules\saxon-js\SaxonJS2N.js:4164:69
    at c:\Work\Materials\NodeJS\numtoword\node_modules\saxon-js\SaxonJS2N.js:4164:69
    at c:\Work\Materials\NodeJS\numtoword\node_modules\saxon-js\SaxonJS2N.js:4136:33
    at Array.forEach (<anonymous>)
    at c:\Work\Materials\NodeJS\numtoword\node_modules\saxon-js\SaxonJS2N.js:4136:6
    at c:\Work\Materials\NodeJS\numtoword\node_modules\saxon-js\SaxonJS2N.js:4164:69
    at c:\Work\Materials\NodeJS\numtoword\node_modules\saxon-js\SaxonJS2N.js:4136:33
    at Array.forEach (<anonymous>)
    at c:\Work\Materials\NodeJS\numtoword\node_modules\saxon-js\SaxonJS2N.js:4136:6
    at c:\Work\Materials\NodeJS\numtoword\node_modules\saxon-js\SaxonJS2N.js:4136:33
    at Array.forEach (<anonymous>)
    at c:\Work\Materials\NodeJS\numtoword\node_modules\saxon-js\SaxonJS2N.js:4136:6
    at c:\Work\Materials\NodeJS\numtoword\node_modules\saxon-js\SaxonJS2N.js:4154:324
    at Object.push (c:\Work\Materials\NodeJS\numtoword\node_modules\saxon-js\SaxonJS2N.js:4167:370)
    at e.uf (c:\Work\Materials\NodeJS\numtoword\node_modules\saxon-js\SaxonJS2N.js:4745:502)
    at c:\Work\Materials\NodeJS\numtoword\node_modules\saxon-js\SaxonJS2N.js:4743:284
    at wc.ba.forEachItem (c:\Work\Materials\NodeJS\numtoword\node_modules\saxon-js\SaxonJS2N.js:3985:583)
    at e.Ib (c:\Work\Materials\NodeJS\numtoword\node_modules\saxon-js\SaxonJS2N.js:4743:251)
    at e (c:\Work\Materials\NodeJS\numtoword\node_modules\saxon-js\SaxonJS2N.js:4758:179)
    at c:\Work\Materials\NodeJS\numtoword\node_modules\saxon-js\SaxonJS2N.js:4784:306
    at processTicksAndRejections (node:internal/process/task_queues:96:5) {
  message: 'Supplied value "34-657.56" is not a valid xs:double',
  name: 'XError',
  code: 'FORG0001',
  xsltLineNr: '376',
  xsltModule: 'amountTranslate.sef'
}
{"level":"error","message":"Forever detected script exited with code: 1"}
{"level":"error","message":"Script restart attempt #4"}
Server is listening on http://localhost:2000
amount:34-657.56 currency:som language:ru
Transformation failure: Error FORG0001 at amountTranslate.sef#376
    Supplied value "34-657.56" is not a valid xs:double

node:internal/process/promises:265
            triggerUncaughtException(err, true /* fromPromise */);
            ^
Error
    at new K (c:\Work\Materials\NodeJS\numtoword\node_modules\saxon-js\SaxonJS2N.js:3887:513)
    at g (c:\Work\Materials\NodeJS\numtoword\node_modules\saxon-js\SaxonJS2N.js:3940:372)
    at f (c:\Work\Materials\NodeJS\numtoword\node_modules\saxon-js\SaxonJS2N.js:3941:199)
    at Object.fromString (c:\Work\Materials\NodeJS\numtoword\node_modules\saxon-js\SaxonJS2N.js:3949:199)
    at Object.K (c:\Work\Materials\NodeJS\numtoword\node_modules\saxon-js\SaxonJS2N.js:3949:478)
    at B (c:\Work\Materials\NodeJS\numtoword\node_modules\saxon-js\SaxonJS2N.js:4087:34)
    at Object.gh (c:\Work\Materials\NodeJS\numtoword\node_modules\saxon-js\SaxonJS2N.js:4087:392)
    at Array.<anonymous> (c:\Work\Materials\NodeJS\numtoword\node_modules\saxon-js\SaxonJS2N.js:4408:446)
    at c:\Work\Materials\NodeJS\numtoword\node_modules\saxon-js\SaxonJS2N.js:4154:501
    at c:\Work\Materials\NodeJS\numtoword\node_modules\saxon-js\SaxonJS2N.js:4136:33
    at Array.forEach (<anonymous>)
    at c:\Work\Materials\NodeJS\numtoword\node_modules\saxon-js\SaxonJS2N.js:4136:6
    at c:\Work\Materials\NodeJS\numtoword\node_modules\saxon-js\SaxonJS2N.js:4164:69
    at c:\Work\Materials\NodeJS\numtoword\node_modules\saxon-js\SaxonJS2N.js:4164:69
    at c:\Work\Materials\NodeJS\numtoword\node_modules\saxon-js\SaxonJS2N.js:4136:33
    at Array.forEach (<anonymous>)
    at c:\Work\Materials\NodeJS\numtoword\node_modules\saxon-js\SaxonJS2N.js:4136:6
    at c:\Work\Materials\NodeJS\numtoword\node_modules\saxon-js\SaxonJS2N.js:4164:69
    at c:\Work\Materials\NodeJS\numtoword\node_modules\saxon-js\SaxonJS2N.js:4136:33
    at Array.forEach (<anonymous>)
    at c:\Work\Materials\NodeJS\numtoword\node_modules\saxon-js\SaxonJS2N.js:4136:6
    at c:\Work\Materials\NodeJS\numtoword\node_modules\saxon-js\SaxonJS2N.js:4136:33
    at Array.forEach (<anonymous>)
    at c:\Work\Materials\NodeJS\numtoword\node_modules\saxon-js\SaxonJS2N.js:4136:6
    at c:\Work\Materials\NodeJS\numtoword\node_modules\saxon-js\SaxonJS2N.js:4154:324
    at Object.push (c:\Work\Materials\NodeJS\numtoword\node_modules\saxon-js\SaxonJS2N.js:4167:370)
    at e.uf (c:\Work\Materials\NodeJS\numtoword\node_modules\saxon-js\SaxonJS2N.js:4745:502)
    at c:\Work\Materials\NodeJS\numtoword\node_modules\saxon-js\SaxonJS2N.js:4743:284
    at wc.ba.forEachItem (c:\Work\Materials\NodeJS\numtoword\node_modules\saxon-js\SaxonJS2N.js:3985:583)
    at e.Ib (c:\Work\Materials\NodeJS\numtoword\node_modules\saxon-js\SaxonJS2N.js:4743:251)
    at e (c:\Work\Materials\NodeJS\numtoword\node_modules\saxon-js\SaxonJS2N.js:4758:179)
    at c:\Work\Materials\NodeJS\numtoword\node_modules\saxon-js\SaxonJS2N.js:4784:306
    at processTicksAndRejections (node:internal/process/task_queues:96:5) {
  message: 'Supplied value "34-657.56" is not a valid xs:double',
  name: 'XError',
  code: 'FORG0001',
  xsltLineNr: '376',
  xsltModule: 'amountTranslate.sef'
}
{"level":"error","message":"Forever detected script exited with code: 1"}
{"level":"error","message":"Script restart attempt #5"}
Server is listening on http://localhost:2000
amount:34-657.56 currency:som language:ru
Transformation failure: Error FORG0001 at amountTranslate.sef#376
    Supplied value "34-657.56" is not a valid xs:double

node:internal/process/promises:265
            triggerUncaughtException(err, true /* fromPromise */);
            ^
Error
    at new K (c:\Work\Materials\NodeJS\numtoword\node_modules\saxon-js\SaxonJS2N.js:3887:513)
    at g (c:\Work\Materials\NodeJS\numtoword\node_modules\saxon-js\SaxonJS2N.js:3940:372)
    at f (c:\Work\Materials\NodeJS\numtoword\node_modules\saxon-js\SaxonJS2N.js:3941:199)
    at Object.fromString (c:\Work\Materials\NodeJS\numtoword\node_modules\saxon-js\SaxonJS2N.js:3949:199)
    at Object.K (c:\Work\Materials\NodeJS\numtoword\node_modules\saxon-js\SaxonJS2N.js:3949:478)
    at B (c:\Work\Materials\NodeJS\numtoword\node_modules\saxon-js\SaxonJS2N.js:4087:34)
    at Object.gh (c:\Work\Materials\NodeJS\numtoword\node_modules\saxon-js\SaxonJS2N.js:4087:392)
    at Array.<anonymous> (c:\Work\Materials\NodeJS\numtoword\node_modules\saxon-js\SaxonJS2N.js:4408:446)
    at c:\Work\Materials\NodeJS\numtoword\node_modules\saxon-js\SaxonJS2N.js:4154:501
    at c:\Work\Materials\NodeJS\numtoword\node_modules\saxon-js\SaxonJS2N.js:4136:33
    at Array.forEach (<anonymous>)
    at c:\Work\Materials\NodeJS\numtoword\node_modules\saxon-js\SaxonJS2N.js:4136:6
    at c:\Work\Materials\NodeJS\numtoword\node_modules\saxon-js\SaxonJS2N.js:4164:69
    at c:\Work\Materials\NodeJS\numtoword\node_modules\saxon-js\SaxonJS2N.js:4164:69
    at c:\Work\Materials\NodeJS\numtoword\node_modules\saxon-js\SaxonJS2N.js:4136:33
    at Array.forEach (<anonymous>)
    at c:\Work\Materials\NodeJS\numtoword\node_modules\saxon-js\SaxonJS2N.js:4136:6
    at c:\Work\Materials\NodeJS\numtoword\node_modules\saxon-js\SaxonJS2N.js:4164:69
    at c:\Work\Materials\NodeJS\numtoword\node_modules\saxon-js\SaxonJS2N.js:4136:33
    at Array.forEach (<anonymous>)
    at c:\Work\Materials\NodeJS\numtoword\node_modules\saxon-js\SaxonJS2N.js:4136:6
    at c:\Work\Materials\NodeJS\numtoword\node_modules\saxon-js\SaxonJS2N.js:4136:33
    at Array.forEach (<anonymous>)
    at c:\Work\Materials\NodeJS\numtoword\node_modules\saxon-js\SaxonJS2N.js:4136:6
    at c:\Work\Materials\NodeJS\numtoword\node_modules\saxon-js\SaxonJS2N.js:4154:324
    at Object.push (c:\Work\Materials\NodeJS\numtoword\node_modules\saxon-js\SaxonJS2N.js:4167:370)
    at e.uf (c:\Work\Materials\NodeJS\numtoword\node_modules\saxon-js\SaxonJS2N.js:4745:502)
    at c:\Work\Materials\NodeJS\numtoword\node_modules\saxon-js\SaxonJS2N.js:4743:284
    at wc.ba.forEachItem (c:\Work\Materials\NodeJS\numtoword\node_modules\saxon-js\SaxonJS2N.js:3985:583)
    at e.Ib (c:\Work\Materials\NodeJS\numtoword\node_modules\saxon-js\SaxonJS2N.js:4743:251)
    at e (c:\Work\Materials\NodeJS\numtoword\node_modules\saxon-js\SaxonJS2N.js:4758:179)
    at c:\Work\Materials\NodeJS\numtoword\node_modules\saxon-js\SaxonJS2N.js:4784:306
    at processTicksAndRejections (node:internal/process/task_queues:96:5) {
  message: 'Supplied value "34-657.56" is not a valid xs:double',
  name: 'XError',
  code: 'FORG0001',
  xsltLineNr: '376',
  xsltModule: 'amountTranslate.sef'
}
{"level":"error","message":"Forever detected script exited with code: 1"}
{"level":"error","message":"Script restart attempt #6"}
Server is listening on http://localhost:2000
amount:34657.56 currency:som language:ru
 Тридцать четыре тысячи шестьсот пятьдесят семь сомов   пятьдесят шесть тыйынов 
amount:346--57.56 currency:som language:ru
Transformation failure: Error FORG0001 at amountTranslate.sef#376
    Supplied value "346--57.56" is not a valid xs:double

node:internal/process/promises:265
            triggerUncaughtException(err, true /* fromPromise */);
            ^
Error
    at new K (c:\Work\Materials\NodeJS\numtoword\node_modules\saxon-js\SaxonJS2N.js:3887:513)
    at g (c:\Work\Materials\NodeJS\numtoword\node_modules\saxon-js\SaxonJS2N.js:3940:372)
    at f (c:\Work\Materials\NodeJS\numtoword\node_modules\saxon-js\SaxonJS2N.js:3941:199)
    at Object.fromString (c:\Work\Materials\NodeJS\numtoword\node_modules\saxon-js\SaxonJS2N.js:3949:199)
    at Object.K (c:\Work\Materials\NodeJS\numtoword\node_modules\saxon-js\SaxonJS2N.js:3949:478)
    at B (c:\Work\Materials\NodeJS\numtoword\node_modules\saxon-js\SaxonJS2N.js:4087:34)
    at Object.gh (c:\Work\Materials\NodeJS\numtoword\node_modules\saxon-js\SaxonJS2N.js:4087:392)
    at Array.<anonymous> (c:\Work\Materials\NodeJS\numtoword\node_modules\saxon-js\SaxonJS2N.js:4408:446)
    at c:\Work\Materials\NodeJS\numtoword\node_modules\saxon-js\SaxonJS2N.js:4154:501
    at c:\Work\Materials\NodeJS\numtoword\node_modules\saxon-js\SaxonJS2N.js:4136:33
    at Array.forEach (<anonymous>)
    at c:\Work\Materials\NodeJS\numtoword\node_modules\saxon-js\SaxonJS2N.js:4136:6
    at c:\Work\Materials\NodeJS\numtoword\node_modules\saxon-js\SaxonJS2N.js:4164:69
    at c:\Work\Materials\NodeJS\numtoword\node_modules\saxon-js\SaxonJS2N.js:4164:69
    at c:\Work\Materials\NodeJS\numtoword\node_modules\saxon-js\SaxonJS2N.js:4136:33
    at Array.forEach (<anonymous>)
    at c:\Work\Materials\NodeJS\numtoword\node_modules\saxon-js\SaxonJS2N.js:4136:6
    at c:\Work\Materials\NodeJS\numtoword\node_modules\saxon-js\SaxonJS2N.js:4164:69
    at c:\Work\Materials\NodeJS\numtoword\node_modules\saxon-js\SaxonJS2N.js:4136:33
    at Array.forEach (<anonymous>)
    at c:\Work\Materials\NodeJS\numtoword\node_modules\saxon-js\SaxonJS2N.js:4136:6
    at c:\Work\Materials\NodeJS\numtoword\node_modules\saxon-js\SaxonJS2N.js:4136:33
    at Array.forEach (<anonymous>)
    at c:\Work\Materials\NodeJS\numtoword\node_modules\saxon-js\SaxonJS2N.js:4136:6
    at c:\Work\Materials\NodeJS\numtoword\node_modules\saxon-js\SaxonJS2N.js:4154:324
    at Object.push (c:\Work\Materials\NodeJS\numtoword\node_modules\saxon-js\SaxonJS2N.js:4167:370)
    at e.uf (c:\Work\Materials\NodeJS\numtoword\node_modules\saxon-js\SaxonJS2N.js:4745:502)
    at c:\Work\Materials\NodeJS\numtoword\node_modules\saxon-js\SaxonJS2N.js:4743:284
    at wc.ba.forEachItem (c:\Work\Materials\NodeJS\numtoword\node_modules\saxon-js\SaxonJS2N.js:3985:583)
    at e.Ib (c:\Work\Materials\NodeJS\numtoword\node_modules\saxon-js\SaxonJS2N.js:4743:251)
    at e (c:\Work\Materials\NodeJS\numtoword\node_modules\saxon-js\SaxonJS2N.js:4758:179)
    at c:\Work\Materials\NodeJS\numtoword\node_modules\saxon-js\SaxonJS2N.js:4784:306
    at processTicksAndRejections (node:internal/process/task_queues:96:5) {
  message: 'Supplied value "346--57.56" is not a valid xs:double',
  name: 'XError',
  code: 'FORG0001',
  xsltLineNr: '376',
  xsltModule: 'amountTranslate.sef'
}
{"level":"error","message":"Forever detected script exited with code: 1"}
{"level":"error","message":"Script restart attempt #7"}
Server is listening on http://localhost:2000
amount:346--57.56 currency:som language:ru
Transformation failure: Error FORG0001 at amountTranslate.sef#376
    Supplied value "346--57.56" is not a valid xs:double

node:internal/process/promises:265
            triggerUncaughtException(err, true /* fromPromise */);
            ^
Error
    at new K (c:\Work\Materials\NodeJS\numtoword\node_modules\saxon-js\SaxonJS2N.js:3887:513)
    at g (c:\Work\Materials\NodeJS\numtoword\node_modules\saxon-js\SaxonJS2N.js:3940:372)
    at f (c:\Work\Materials\NodeJS\numtoword\node_modules\saxon-js\SaxonJS2N.js:3941:199)
    at Object.fromString (c:\Work\Materials\NodeJS\numtoword\node_modules\saxon-js\SaxonJS2N.js:3949:199)
    at Object.K (c:\Work\Materials\NodeJS\numtoword\node_modules\saxon-js\SaxonJS2N.js:3949:478)
    at B (c:\Work\Materials\NodeJS\numtoword\node_modules\saxon-js\SaxonJS2N.js:4087:34)
    at Object.gh (c:\Work\Materials\NodeJS\numtoword\node_modules\saxon-js\SaxonJS2N.js:4087:392)
    at Array.<anonymous> (c:\Work\Materials\NodeJS\numtoword\node_modules\saxon-js\SaxonJS2N.js:4408:446)
    at c:\Work\Materials\NodeJS\numtoword\node_modules\saxon-js\SaxonJS2N.js:4154:501
    at c:\Work\Materials\NodeJS\numtoword\node_modules\saxon-js\SaxonJS2N.js:4136:33
    at Array.forEach (<anonymous>)
    at c:\Work\Materials\NodeJS\numtoword\node_modules\saxon-js\SaxonJS2N.js:4136:6
    at c:\Work\Materials\NodeJS\numtoword\node_modules\saxon-js\SaxonJS2N.js:4164:69
    at c:\Work\Materials\NodeJS\numtoword\node_modules\saxon-js\SaxonJS2N.js:4164:69
    at c:\Work\Materials\NodeJS\numtoword\node_modules\saxon-js\SaxonJS2N.js:4136:33
    at Array.forEach (<anonymous>)
    at c:\Work\Materials\NodeJS\numtoword\node_modules\saxon-js\SaxonJS2N.js:4136:6
    at c:\Work\Materials\NodeJS\numtoword\node_modules\saxon-js\SaxonJS2N.js:4164:69
    at c:\Work\Materials\NodeJS\numtoword\node_modules\saxon-js\SaxonJS2N.js:4136:33
    at Array.forEach (<anonymous>)
    at c:\Work\Materials\NodeJS\numtoword\node_modules\saxon-js\SaxonJS2N.js:4136:6
    at c:\Work\Materials\NodeJS\numtoword\node_modules\saxon-js\SaxonJS2N.js:4136:33
    at Array.forEach (<anonymous>)
    at c:\Work\Materials\NodeJS\numtoword\node_modules\saxon-js\SaxonJS2N.js:4136:6
    at c:\Work\Materials\NodeJS\numtoword\node_modules\saxon-js\SaxonJS2N.js:4154:324
    at Object.push (c:\Work\Materials\NodeJS\numtoword\node_modules\saxon-js\SaxonJS2N.js:4167:370)
    at e.uf (c:\Work\Materials\NodeJS\numtoword\node_modules\saxon-js\SaxonJS2N.js:4745:502)
    at c:\Work\Materials\NodeJS\numtoword\node_modules\saxon-js\SaxonJS2N.js:4743:284
    at wc.ba.forEachItem (c:\Work\Materials\NodeJS\numtoword\node_modules\saxon-js\SaxonJS2N.js:3985:583)
    at e.Ib (c:\Work\Materials\NodeJS\numtoword\node_modules\saxon-js\SaxonJS2N.js:4743:251)
    at e (c:\Work\Materials\NodeJS\numtoword\node_modules\saxon-js\SaxonJS2N.js:4758:179)
    at c:\Work\Materials\NodeJS\numtoword\node_modules\saxon-js\SaxonJS2N.js:4784:306
    at processTicksAndRejections (node:internal/process/task_queues:96:5) {
  message: 'Supplied value "346--57.56" is not a valid xs:double',
  name: 'XError',
  code: 'FORG0001',
  xsltLineNr: '376',
  xsltModule: 'amountTranslate.sef'
}
{"level":"error","message":"Forever detected script exited with code: 1"}
{"level":"error","message":"Script restart attempt #8"}
Server is listening on http://localhost:2000
amount:346--57.56 currency:som language:ru
Transformation failure: Error FORG0001 at amountTranslate.sef#376
    Supplied value "346--57.56" is not a valid xs:double

node:internal/process/promises:265
            triggerUncaughtException(err, true /* fromPromise */);
            ^
Error
    at new K (c:\Work\Materials\NodeJS\numtoword\node_modules\saxon-js\SaxonJS2N.js:3887:513)
    at g (c:\Work\Materials\NodeJS\numtoword\node_modules\saxon-js\SaxonJS2N.js:3940:372)
    at f (c:\Work\Materials\NodeJS\numtoword\node_modules\saxon-js\SaxonJS2N.js:3941:199)
    at Object.fromString (c:\Work\Materials\NodeJS\numtoword\node_modules\saxon-js\SaxonJS2N.js:3949:199)
    at Object.K (c:\Work\Materials\NodeJS\numtoword\node_modules\saxon-js\SaxonJS2N.js:3949:478)
    at B (c:\Work\Materials\NodeJS\numtoword\node_modules\saxon-js\SaxonJS2N.js:4087:34)
    at Object.gh (c:\Work\Materials\NodeJS\numtoword\node_modules\saxon-js\SaxonJS2N.js:4087:392)
    at Array.<anonymous> (c:\Work\Materials\NodeJS\numtoword\node_modules\saxon-js\SaxonJS2N.js:4408:446)
    at c:\Work\Materials\NodeJS\numtoword\node_modules\saxon-js\SaxonJS2N.js:4154:501
    at c:\Work\Materials\NodeJS\numtoword\node_modules\saxon-js\SaxonJS2N.js:4136:33
    at Array.forEach (<anonymous>)
    at c:\Work\Materials\NodeJS\numtoword\node_modules\saxon-js\SaxonJS2N.js:4136:6
    at c:\Work\Materials\NodeJS\numtoword\node_modules\saxon-js\SaxonJS2N.js:4164:69
    at c:\Work\Materials\NodeJS\numtoword\node_modules\saxon-js\SaxonJS2N.js:4164:69
    at c:\Work\Materials\NodeJS\numtoword\node_modules\saxon-js\SaxonJS2N.js:4136:33
    at Array.forEach (<anonymous>)
    at c:\Work\Materials\NodeJS\numtoword\node_modules\saxon-js\SaxonJS2N.js:4136:6
    at c:\Work\Materials\NodeJS\numtoword\node_modules\saxon-js\SaxonJS2N.js:4164:69
    at c:\Work\Materials\NodeJS\numtoword\node_modules\saxon-js\SaxonJS2N.js:4136:33
    at Array.forEach (<anonymous>)
    at c:\Work\Materials\NodeJS\numtoword\node_modules\saxon-js\SaxonJS2N.js:4136:6
    at c:\Work\Materials\NodeJS\numtoword\node_modules\saxon-js\SaxonJS2N.js:4136:33
    at Array.forEach (<anonymous>)
    at c:\Work\Materials\NodeJS\numtoword\node_modules\saxon-js\SaxonJS2N.js:4136:6
    at c:\Work\Materials\NodeJS\numtoword\node_modules\saxon-js\SaxonJS2N.js:4154:324
    at Object.push (c:\Work\Materials\NodeJS\numtoword\node_modules\saxon-js\SaxonJS2N.js:4167:370)
    at e.uf (c:\Work\Materials\NodeJS\numtoword\node_modules\saxon-js\SaxonJS2N.js:4745:502)
    at c:\Work\Materials\NodeJS\numtoword\node_modules\saxon-js\SaxonJS2N.js:4743:284
    at wc.ba.forEachItem (c:\Work\Materials\NodeJS\numtoword\node_modules\saxon-js\SaxonJS2N.js:3985:583)
    at e.Ib (c:\Work\Materials\NodeJS\numtoword\node_modules\saxon-js\SaxonJS2N.js:4743:251)
    at e (c:\Work\Materials\NodeJS\numtoword\node_modules\saxon-js\SaxonJS2N.js:4758:179)
    at c:\Work\Materials\NodeJS\numtoword\node_modules\saxon-js\SaxonJS2N.js:4784:306
    at processTicksAndRejections (node:internal/process/task_queues:96:5) {
  message: 'Supplied value "346--57.56" is not a valid xs:double',
  name: 'XError',
  code: 'FORG0001',
  xsltLineNr: '376',
  xsltModule: 'amountTranslate.sef'
}
{"level":"error","message":"Forever detected script exited with code: 1"}
{"level":"error","message":"Script restart attempt #9"}
Server is listening on http://localhost:2000
amount:346--57.56 currency:som language:ru
Transformation failure: Error FORG0001 at amountTranslate.sef#376
    Supplied value "346--57.56" is not a valid xs:double

node:internal/process/promises:265
            triggerUncaughtException(err, true /* fromPromise */);
            ^
Error
    at new K (c:\Work\Materials\NodeJS\numtoword\node_modules\saxon-js\SaxonJS2N.js:3887:513)
    at g (c:\Work\Materials\NodeJS\numtoword\node_modules\saxon-js\SaxonJS2N.js:3940:372)
    at f (c:\Work\Materials\NodeJS\numtoword\node_modules\saxon-js\SaxonJS2N.js:3941:199)
    at Object.fromString (c:\Work\Materials\NodeJS\numtoword\node_modules\saxon-js\SaxonJS2N.js:3949:199)
    at Object.K (c:\Work\Materials\NodeJS\numtoword\node_modules\saxon-js\SaxonJS2N.js:3949:478)
    at B (c:\Work\Materials\NodeJS\numtoword\node_modules\saxon-js\SaxonJS2N.js:4087:34)
    at Object.gh (c:\Work\Materials\NodeJS\numtoword\node_modules\saxon-js\SaxonJS2N.js:4087:392)
    at Array.<anonymous> (c:\Work\Materials\NodeJS\numtoword\node_modules\saxon-js\SaxonJS2N.js:4408:446)
    at c:\Work\Materials\NodeJS\numtoword\node_modules\saxon-js\SaxonJS2N.js:4154:501
    at c:\Work\Materials\NodeJS\numtoword\node_modules\saxon-js\SaxonJS2N.js:4136:33
    at Array.forEach (<anonymous>)
    at c:\Work\Materials\NodeJS\numtoword\node_modules\saxon-js\SaxonJS2N.js:4136:6
    at c:\Work\Materials\NodeJS\numtoword\node_modules\saxon-js\SaxonJS2N.js:4164:69
    at c:\Work\Materials\NodeJS\numtoword\node_modules\saxon-js\SaxonJS2N.js:4164:69
    at c:\Work\Materials\NodeJS\numtoword\node_modules\saxon-js\SaxonJS2N.js:4136:33
    at Array.forEach (<anonymous>)
    at c:\Work\Materials\NodeJS\numtoword\node_modules\saxon-js\SaxonJS2N.js:4136:6
    at c:\Work\Materials\NodeJS\numtoword\node_modules\saxon-js\SaxonJS2N.js:4164:69
    at c:\Work\Materials\NodeJS\numtoword\node_modules\saxon-js\SaxonJS2N.js:4136:33
    at Array.forEach (<anonymous>)
    at c:\Work\Materials\NodeJS\numtoword\node_modules\saxon-js\SaxonJS2N.js:4136:6
    at c:\Work\Materials\NodeJS\numtoword\node_modules\saxon-js\SaxonJS2N.js:4136:33
    at Array.forEach (<anonymous>)
    at c:\Work\Materials\NodeJS\numtoword\node_modules\saxon-js\SaxonJS2N.js:4136:6
    at c:\Work\Materials\NodeJS\numtoword\node_modules\saxon-js\SaxonJS2N.js:4154:324
    at Object.push (c:\Work\Materials\NodeJS\numtoword\node_modules\saxon-js\SaxonJS2N.js:4167:370)
    at e.uf (c:\Work\Materials\NodeJS\numtoword\node_modules\saxon-js\SaxonJS2N.js:4745:502)
    at c:\Work\Materials\NodeJS\numtoword\node_modules\saxon-js\SaxonJS2N.js:4743:284
    at wc.ba.forEachItem (c:\Work\Materials\NodeJS\numtoword\node_modules\saxon-js\SaxonJS2N.js:3985:583)
    at e.Ib (c:\Work\Materials\NodeJS\numtoword\node_modules\saxon-js\SaxonJS2N.js:4743:251)
    at e (c:\Work\Materials\NodeJS\numtoword\node_modules\saxon-js\SaxonJS2N.js:4758:179)
    at c:\Work\Materials\NodeJS\numtoword\node_modules\saxon-js\SaxonJS2N.js:4784:306
    at processTicksAndRejections (node:internal/process/task_queues:96:5) {
  message: 'Supplied value "346--57.56" is not a valid xs:double',
  name: 'XError',
  code: 'FORG0001',
  xsltLineNr: '376',
  xsltModule: 'amountTranslate.sef'
}
{"level":"error","message":"Forever detected script exited with code: 1"}
{"level":"error","message":"Script restart attempt #10"}
Server is listening on http://localhost:2000
amount:34657.56 currency:som language:kg
 Отуз төрт миң алты жүз элүү жети сом   элүү алты тыйын 
{"level":"error","message":"Forever detected script exited with code: 1"}
