Server is listening on http://localhost:2000
amount:34657.56 currency:som language:ru
 Тридцать четыре тысячи шестьсот пятьдесят семь сомов   пятьдесят шесть тыйынов 
amount:34657.56 currency:som language:ru
 Тридцать четыре тысячи шестьсот пятьдесят семь сомов   пятьдесят шесть тыйынов 
Server is listening on http://localhost:2000
amount:34657.56 currency:som language:ru
 Тридцать четыре тысячи шестьсот пятьдесят семь сомов   пятьдесят шесть тыйынов 
amount:34657.56 currency:som language:ru
 Тридцать четыре тысячи шестьсот пятьдесят семь сомов   пятьдесят шесть тыйынов 
amount:34-657.56 currency:som language:ru
Transformation failure: Error FORG0001 at amountTranslate.sef#376
    Supplied value "34-657.56" is not a valid xs:double
Server is listening on http://localhost:2000
amount:34-657.56 currency:som language:ru
Transformation failure: Error FORG0001 at amountTranslate.sef#376
    Supplied value "34-657.56" is not a valid xs:double
Server is listening on http://localhost:2000
amount:34-657.56 currency:som language:ru
Transformation failure: Error FORG0001 at amountTranslate.sef#376
    Supplied value "34-657.56" is not a valid xs:double
Server is listening on http://localhost:2000
amount:34-657.56 currency:som language:ru
Transformation failure: Error FORG0001 at amountTranslate.sef#376
    Supplied value "34-657.56" is not a valid xs:double
Server is listening on http://localhost:2000
amount:34-657.56 currency:som language:ru
Transformation failure: Error FORG0001 at amountTranslate.sef#376
    Supplied value "34-657.56" is not a valid xs:double
Server is listening on http://localhost:2000
amount:34-657.56 currency:som language:ru
Transformation failure: Error FORG0001 at amountTranslate.sef#376
    Supplied value "34-657.56" is not a valid xs:double
Server is listening on http://localhost:2000
amount:34657.56 currency:som language:ru
 Тридцать четыре тысячи шестьсот пятьдесят семь сомов   пятьдесят шесть тыйынов 
amount:346--57.56 currency:som language:ru
Transformation failure: Error FORG0001 at amountTranslate.sef#376
    Supplied value "346--57.56" is not a valid xs:double
Server is listening on http://localhost:2000
amount:346--57.56 currency:som language:ru
Transformation failure: Error FORG0001 at amountTranslate.sef#376
    Supplied value "346--57.56" is not a valid xs:double
Server is listening on http://localhost:2000
amount:346--57.56 currency:som language:ru
Transformation failure: Error FORG0001 at amountTranslate.sef#376
    Supplied value "346--57.56" is not a valid xs:double
Server is listening on http://localhost:2000
amount:346--57.56 currency:som language:ru
Transformation failure: Error FORG0001 at amountTranslate.sef#376
    Supplied value "346--57.56" is not a valid xs:double
Server is listening on http://localhost:2000
amount:34657.56 currency:som language:kg
 Отуз төрт миң алты жүз элүү жети сом   элүү алты тыйын 
